{"C:\\Users\\SwiftCode\\Desktop\\New folder (3)\\Anagrams\\anagrams.js": {"path":"C:\\Users\\SwiftCode\\Desktop\\New folder (3)\\Anagrams\\anagrams.js","statementMap":{"0":{"start":{"line":1,"column":18},"end":{"line":4,"column":1}},"1":{"start":{"line":2,"column":17},"end":{"line":2,"column":69}},"2":{"start":{"line":2,"column":26},"end":{"line":2,"column":69}},"3":{"start":{"line":3,"column":2},"end":{"line":3,"column":39}},"4":{"start":{"line":6,"column":0},"end":{"line":6,"column":31}}},"fnMap":{"0":{"name":"(anonymous_0)","decl":{"start":{"line":1,"column":18},"end":{"line":1,"column":19}},"loc":{"start":{"line":1,"column":34},"end":{"line":4,"column":1}},"line":1},"1":{"name":"(anonymous_1)","decl":{"start":{"line":2,"column":17},"end":{"line":2,"column":18}},"loc":{"start":{"line":2,"column":26},"end":{"line":2,"column":69}},"line":2}},"branchMap":{},"s":{"0":1,"1":2,"2":4,"3":2,"4":1},"f":{"0":2,"1":4},"b":{},"_coverageSchema":"1a1c01bbd47fc00a2c39e90264f33305004495a9","hash":"5f0136d443d8bb043c9a56ca7ec47e61fa1106d6"}
}
